Arguments: 
  E:\node.js-10\node.exe E:\yarn\bin\yarn.js add vue-hot-reload-api

PATH: 
  C:\Program Files\Git\mingw64\bin;C:\Program Files\Git\usr\bin;C:\Users\Paula Hu\bin;C:\Program Files (x86)\Common Files\Intel\Shared Files\cpp\bin\Intel64;C:\Program Files\Java\jdk1.8.0_191\bin;C:\Program Files (x86)\Common Files\Oracle\Java\javapath;C:\Program Files (x86)\Intel\Intel(R) Management Engine Components\iCLS;C:\Program Files\Intel\Intel(R) Management Engine Components\iCLS;C:\Windows\system32;C:\Windows;C:\Windows\System32\Wbem;C:\Windows\System32\WindowsPowerShell\v1.0;C:\Windows\System32\OpenSSH;C:\Program Files (x86)\Intel\Intel(R) Management Engine Components\DAL;C:\Program Files\Intel\Intel(R) Management Engine Components\DAL;C:\Program Files (x86)\Intel\Intel(R) Management Engine Components\IPT;C:\Program Files\Intel\Intel(R) Management Engine Components\IPT;C:\Program Files\Intel\WiFi\bin;C:\Program Files\Common Files\Intel\WirelessCommon;C:\Program Files (x86)\Microsoft SQL Server\90\Tools\binn;C:\Program Files\dotnet;D:\MATLAB2016b\runtime\win64;D:\MATLAB2016b\bin;D:\MATLAB2016b\polyspace\bin;C:\Program Files\NVIDIA Corporation\NVIDIA NvDLISR;D;C:\Git\Git\cmd;D:\Git\Git\Git\cmd;E:\hugo;E:\cmder\cmder;E:\cmder\cmder\bin;C:\Program Files\Git\cmd;E:\yarn\bin;E:\node.js-10;D:\Python3.7\Scripts;D:\Python3.7;C:\Users\Paula Hu\AppData\Local\Microsoft\WindowsApps;E:\VS code\Microsoft VS Code\bin;C:\Users\Paula Hu\AppData\Local\Yarn\bin;C:\Users\Paula Hu\AppData\Roaming\npm

Yarn version: 
  1.22.4

Node version: 
  10.21.0

Platform: 
  win32 x64

Trace: 
  Error: EPERM: operation not permitted, unlink 'C:\Users\Paula Hu\code_control\PROJECT\grape-UI\node_modules\deasync\bin\win32-x64-node-10\deasync.node'

npm manifest: 
  {
    "name": "grape-ui",
    "version": "0.0.1",
    "description": "这是一个UI框架",
    "main": "index.js",
    "scripts": {
      "test": "echo \"Error: no test specified\" && exit 1"
    },
    "repository": {
      "type": "git",
      "url": "git+https://github.com/Paulahu/grape-UI.git"
    },
    "keywords": [
      "vue",
      "ui"
    ],
    "author": "Paula Hu",
    "license": "MIT",
    "bugs": {
      "url": "https://github.com/Paulahu/grape-UI/issues"
    },
    "homepage": "https://github.com/Paulahu/grape-UI#readme",
    "dependencies": {
      "node-sass": "^4.14.1",
      "vue": "^2.6.11"
    },
    "devDependencies": {
      "parcel-bundler": "^1.12.4"
    },
    "alias": {
      "vue": "./node_modules/vue/dist/vue.common.js"
    }
  }

yarn manifest: 
  No manifest

Lockfile: 
  No lockfile
